INFO: [VRFC 10-2263] Analyzing Verilog file "D:/vivadowork/yingzong/52/52/52/lab_4/rtl/ip/data_mem/sim/data_mem.v" into library xil_defaultlib
INFO: [VRFC 10-311] analyzing module data_mem
INFO: [VRFC 10-2263] Analyzing Verilog file "D:/vivadowork/yingzong/52/52/52/lab_4/rtl/ip/inst_mem/sim/inst_mem.v" into library xil_defaultlib
INFO: [VRFC 10-311] analyzing module inst_mem
INFO: [VRFC 10-2263] Analyzing Verilog file "D:/vivadowork/yingzong/52/52/52/lab_4/rtl/adder.v" into library xil_defaultlib
INFO: [VRFC 10-311] analyzing module adder
INFO: [VRFC 10-2263] Analyzing Verilog file "D:/vivadowork/yingzong/52/52/52/lab_4/rtl/alu.v" into library xil_defaultlib
INFO: [VRFC 10-311] analyzing module alu
INFO: [VRFC 10-2263] Analyzing Verilog file "D:/vivadowork/yingzong/52/52/52/lab_4/rtl/aludec.v" into library xil_defaultlib
INFO: [VRFC 10-311] analyzing module aludec
INFO: [VRFC 10-2263] Analyzing Verilog file "D:/vivadowork/yingzong/52/52/52/lab_4/rtl/div.v" into library xil_defaultlib
INFO: [VRFC 10-311] analyzing module div
INFO: [VRFC 10-2263] Analyzing Verilog file "D:/vivadowork/yingzong/52/52/52/lab_4/rtl/eqcmp.v" into library xil_defaultlib
INFO: [VRFC 10-311] analyzing module eqcmp
INFO: [VRFC 10-2263] Analyzing Verilog file "D:/vivadowork/yingzong/52/52/52/lab_4/rtl/flopenrc.v" into library xil_defaultlib
INFO: [VRFC 10-311] analyzing module flopenrc
INFO: [VRFC 10-2263] Analyzing Verilog file "D:/vivadowork/yingzong/52/52/52/lab_4/rtl/hazard.v" into library xil_defaultlib
INFO: [VRFC 10-311] analyzing module hazard
INFO: [VRFC 10-2263] Analyzing Verilog file "D:/vivadowork/yingzong/52/52/52/lab_4/rtl/maindec.v" into library xil_defaultlib
INFO: [VRFC 10-311] analyzing module maindec
INFO: [VRFC 10-2263] Analyzing Verilog file "D:/vivadowork/yingzong/52/52/52/lab_4/rtl/mux2.v" into library xil_defaultlib
INFO: [VRFC 10-311] analyzing module mux2
INFO: [VRFC 10-2263] Analyzing Verilog file "D:/vivadowork/yingzong/52/52/52/lab_4/rtl/mux3.v" into library xil_defaultlib
INFO: [VRFC 10-311] analyzing module mux3
INFO: [VRFC 10-2263] Analyzing Verilog file "D:/vivadowork/yingzong/52/52/52/lab_4/rtl/mycpu.v" into library xil_defaultlib
INFO: [VRFC 10-311] analyzing module mycpu
WARNING: [VRFC 10-3248] data object 'pcplus4E' is already declared [D:/vivadowork/yingzong/52/52/52/lab_4/rtl/mycpu.v:67]
WARNING: [VRFC 10-3703] second declaration of 'pcplus4E' ignored [D:/vivadowork/yingzong/52/52/52/lab_4/rtl/mycpu.v:67]
WARNING: [VRFC 10-3248] data object 'flushE' is already declared [D:/vivadowork/yingzong/52/52/52/lab_4/rtl/mycpu.v:76]
WARNING: [VRFC 10-3703] second declaration of 'flushE' ignored [D:/vivadowork/yingzong/52/52/52/lab_4/rtl/mycpu.v:76]
INFO: [VRFC 10-2458] undeclared symbol balM, assumed default net type wire [D:/vivadowork/yingzong/52/52/52/lab_4/rtl/mycpu.v:128]
INFO: [VRFC 10-2263] Analyzing Verilog file "D:/vivadowork/yingzong/52/52/52/lab_4/rtl/pc.v" into library xil_defaultlib
INFO: [VRFC 10-311] analyzing module pc
INFO: [VRFC 10-2263] Analyzing Verilog file "D:/vivadowork/yingzong/52/52/52/lab_4/rtl/read_data.v" into library xil_defaultlib
INFO: [VRFC 10-311] analyzing module read_data
INFO: [VRFC 10-2263] Analyzing Verilog file "D:/vivadowork/yingzong/52/52/52/lab_4/rtl/regfile.v" into library xil_defaultlib
INFO: [VRFC 10-311] analyzing module regfile
INFO: [VRFC 10-2263] Analyzing Verilog file "D:/vivadowork/yingzong/52/52/52/lab_4/rtl/signext.v" into library xil_defaultlib
INFO: [VRFC 10-311] analyzing module signext
INFO: [VRFC 10-2263] Analyzing Verilog file "D:/vivadowork/yingzong/52/52/52/lab_4/rtl/sl2.v" into library xil_defaultlib
INFO: [VRFC 10-311] analyzing module sl2
INFO: [VRFC 10-2263] Analyzing Verilog file "D:/vivadowork/yingzong/52/52/52/lab_4/rtl/top.v" into library xil_defaultlib
INFO: [VRFC 10-311] analyzing module top
INFO: [VRFC 10-2263] Analyzing Verilog file "D:/vivadowork/yingzong/52/52/52/lab_4/rtl/write_data.v" into library xil_defaultlib
INFO: [VRFC 10-311] analyzing module write_data
INFO: [VRFC 10-2263] Analyzing Verilog file "D:/vivadowork/yingzong/52/52/52/lab_4/sim/testbench.v" into library xil_defaultlib
INFO: [VRFC 10-311] analyzing module testbench
